Using pre-set license
Built from '2022.3/staging' branch; Version is '2022.3.15f1 (b58023a2b463) revision 11894819'; Using compiler version '192829333'; Build Type 'Release'
OS: 'Windows 11  (10.0.26200) 64bit Core' Language: 'ja' Physical Memory: 32472 MB
BatchMode: 1, IsHumanControllingUs: 0, StartBugReporterOnCrash: 0, Is64bit: 1, IsPro: 1

COMMAND LINE ARGUMENTS:
C:\Program Files\Unity\Hub\Editor\2022.3.15f1\Editor\Unity.exe
-adb2
-batchMode
-noUpm
-name
AssetImportWorker0
-projectPath
C:/Users/otoas/Downloads/迷路１/ステージジェネレート
-logFile
Logs/AssetImportWorker0.log
-srvPort
59290
Successfully changed project path to: C:/Users/otoas/Downloads/迷路１/ステージジェネレート
C:/Users/otoas/Downloads/迷路１/ステージジェネレート
[UnityMemory] Configuration Parameters - Can be set up in boot.config
    "memorysetup-bucket-allocator-granularity=16"
    "memorysetup-bucket-allocator-bucket-count=8"
    "memorysetup-bucket-allocator-block-size=33554432"
    "memorysetup-bucket-allocator-block-count=8"
    "memorysetup-main-allocator-block-size=16777216"
    "memorysetup-thread-allocator-block-size=16777216"
    "memorysetup-gfx-main-allocator-block-size=16777216"
    "memorysetup-gfx-thread-allocator-block-size=16777216"
    "memorysetup-cache-allocator-block-size=4194304"
    "memorysetup-typetree-allocator-block-size=2097152"
    "memorysetup-profiler-bucket-allocator-granularity=16"
    "memorysetup-profiler-bucket-allocator-bucket-count=8"
    "memorysetup-profiler-bucket-allocator-block-size=33554432"
    "memorysetup-profiler-bucket-allocator-block-count=8"
    "memorysetup-profiler-allocator-block-size=16777216"
    "memorysetup-profiler-editor-allocator-block-size=1048576"
    "memorysetup-temp-allocator-size-main=16777216"
    "memorysetup-job-temp-allocator-block-size=2097152"
    "memorysetup-job-temp-allocator-block-size-background=1048576"
    "memorysetup-job-temp-allocator-reduction-small-platforms=262144"
    "memorysetup-allocator-temp-initial-block-size-main=262144"
    "memorysetup-allocator-temp-initial-block-size-worker=262144"
    "memorysetup-temp-allocator-size-background-worker=32768"
    "memorysetup-temp-allocator-size-job-worker=262144"
    "memorysetup-temp-allocator-size-preload-manager=33554432"
    "memorysetup-temp-allocator-size-nav-mesh-worker=65536"
    "memorysetup-temp-allocator-size-audio-worker=65536"
    "memorysetup-temp-allocator-size-cloud-worker=32768"
    "memorysetup-temp-allocator-size-gi-baking-worker=262144"
    "memorysetup-temp-allocator-size-gfx=262144"
Player connection [45712] Host "[IP] 10.32.1.90 [Port] 0 [Flags] 2 [Guid] 3971055541 [EditorId] 3971055541 [Version] 1048832 [Id] WindowsEditor(7,kousei) [Debug] 1 [PackageName] WindowsEditor [ProjectName] Editor" joined multi-casting on [225.0.0.222:54997]...

Player connection [45712] Host "[IP] 10.32.1.90 [Port] 0 [Flags] 2 [Guid] 3971055541 [EditorId] 3971055541 [Version] 1048832 [Id] WindowsEditor(7,kousei) [Debug] 1 [PackageName] WindowsEditor [ProjectName] Editor" joined alternative multi-casting on [225.0.0.222:34997]...

[Physics::Module] Initialized MultithreadedJobDispatcher with 15 workers.
Refreshing native plugins compatible for Editor in 19.42 ms, found 4 plugins.
Preloading 0 native plugins for Editor in 0.00 ms.
Initialize engine version: 2022.3.15f1 (b58023a2b463)
[Subsystems] Discovering subsystems at path C:/Program Files/Unity/Hub/Editor/2022.3.15f1/Editor/Data/Resources/UnitySubsystems
[Subsystems] Discovering subsystems at path C:/Users/otoas/Downloads/迷路１/ステージジェネレート/Assets
GfxDevice: creating device client; threaded=0; jobified=0
Direct3D:
    Version:  Direct3D 11.0 [level 11.1]
    Renderer: NVIDIA GeForce RTX 4060 Laptop GPU (ID=0x28a0)
    Vendor:   NVIDIA
    VRAM:     7971 MB
    Driver:   31.0.15.2876
Initialize mono
Mono path[0] = 'C:/Program Files/Unity/Hub/Editor/2022.3.15f1/Editor/Data/Managed'
Mono path[1] = 'C:/Program Files/Unity/Hub/Editor/2022.3.15f1/Editor/Data/MonoBleedingEdge/lib/mono/unityjit-win32'
Mono config path = 'C:/Program Files/Unity/Hub/Editor/2022.3.15f1/Editor/Data/MonoBleedingEdge/etc'
Using monoOptions --debugger-agent=transport=dt_socket,embedding=1,server=y,suspend=n,address=127.0.0.1:56228
Begin MonoManager ReloadAssembly
Registering precompiled unity dll's ...
Register platform support module: C:/Program Files/Unity/Hub/Editor/2022.3.15f1/Editor/Data/PlaybackEngines/WindowsStandaloneSupport/UnityEditor.WindowsStandalone.Extensions.dll
Registered in 0.010863 seconds.
- Loaded All Assemblies, in  0.493 seconds
Native extension for WindowsStandalone target not found
Mono: successfully reloaded assembly
- Finished resetting the current domain, in  0.381 seconds
Domain Reload Profiling: 872ms
	BeginReloadAssembly (142ms)
		ExecutionOrderSort (0ms)
		DisableScriptedObjects (0ms)
		BackupInstance (0ms)
		ReleaseScriptingObjects (0ms)
		CreateAndSetChildDomain (1ms)
	RebuildCommonClasses (56ms)
	RebuildNativeTypeToScriptingClass (15ms)
	initialDomainReloadingComplete (85ms)
	LoadAllAssembliesAndSetupDomain (192ms)
		LoadAssemblies (139ms)
		RebuildTransferFunctionScriptingTraits (0ms)
		AnalyzeDomain (190ms)
			TypeCache.Refresh (187ms)
				TypeCache.ScanAssembly (170ms)
			ScanForSourceGeneratedMonoScriptInfo (0ms)
			ResolveRequiredComponents (1ms)
	FinalizeReload (382ms)
		ReleaseScriptCaches (0ms)
		RebuildScriptCaches (0ms)
		SetupLoadedEditorAssemblies (300ms)
			LogAssemblyErrors (0ms)
			InitializePlatformSupportModulesInManaged (13ms)
			SetLoadedEditorAssemblies (12ms)
			RefreshPlugins (0ms)
			BeforeProcessingInitializeOnLoad (3ms)
			ProcessInitializeOnLoadAttributes (204ms)
			ProcessInitializeOnLoadMethodAttributes (68ms)
			AfterProcessingInitializeOnLoad (0ms)
			EditorAssembliesLoaded (0ms)
		ExecutionOrderSort2 (0ms)
		AwakeInstancesAfterBackupRestoration (0ms)
========================================================================
Worker process is ready to serve import requests
Begin MonoManager ReloadAssembly
- Loaded All Assemblies, in  0.767 seconds
Refreshing native plugins compatible for Editor in 7.00 ms, found 4 plugins.
Native extension for WindowsStandalone target not found
Mono: successfully reloaded assembly
- Finished resetting the current domain, in  0.781 seconds
Domain Reload Profiling: 1545ms
	BeginReloadAssembly (172ms)
		ExecutionOrderSort (0ms)
		DisableScriptedObjects (6ms)
		BackupInstance (0ms)
		ReleaseScriptingObjects (0ms)
		CreateAndSetChildDomain (23ms)
	RebuildCommonClasses (41ms)
	RebuildNativeTypeToScriptingClass (16ms)
	initialDomainReloadingComplete (59ms)
	LoadAllAssembliesAndSetupDomain (475ms)
		LoadAssemblies (346ms)
		RebuildTransferFunctionScriptingTraits (0ms)
		AnalyzeDomain (229ms)
			TypeCache.Refresh (201ms)
				TypeCache.ScanAssembly (186ms)
			ScanForSourceGeneratedMonoScriptInfo (20ms)
			ResolveRequiredComponents (5ms)
	FinalizeReload (782ms)
		ReleaseScriptCaches (0ms)
		RebuildScriptCaches (0ms)
		SetupLoadedEditorAssemblies (576ms)
			LogAssemblyErrors (0ms)
			InitializePlatformSupportModulesInManaged (7ms)
			SetLoadedEditorAssemblies (6ms)
			RefreshPlugins (0ms)
			BeforeProcessingInitializeOnLoad (95ms)
			ProcessInitializeOnLoadAttributes (431ms)
			ProcessInitializeOnLoadMethodAttributes (27ms)
			AfterProcessingInitializeOnLoad (9ms)
			EditorAssembliesLoaded (0ms)
		ExecutionOrderSort2 (0ms)
		AwakeInstancesAfterBackupRestoration (10ms)
Launched and connected shader compiler UnityShaderCompiler.exe after 0.06 seconds
Refreshing native plugins compatible for Editor in 5.66 ms, found 4 plugins.
Preloading 0 native plugins for Editor in 0.00 ms.
Unloading 3543 Unused Serialized files (Serialized files now loaded: 0)
Unloading 43 unused Assets / (60.9 KB). Loaded Objects now: 3999.
Memory consumption went from 133.7 MB to 133.6 MB.
Total: 3.331500 ms (FindLiveObjects: 0.238600 ms CreateObjectMapping: 0.109700 ms MarkObjects: 2.871200 ms  DeleteObjects: 0.110700 ms)

AssetImportParameters requested are different than current active one (requested -> active):
  custom:container-demuxer-ogg: 62fdf1f143b41e24485cea50d1cbac27 -> 
  custom:video-codec-MediaFoundation-h265: 746d11721c4dcdbdad8f713fa42b33f4 -> 
  custom:video-decoder-ogg-theora: a1e56fd34408186e4bbccfd4996cb3dc -> 
  custom:framework-win-MediaFoundation: 216162199b28c13a410421893ffa2e32 -> 
  custom:CustomObjectIndexerAttribute: 43b350a4d6e6d1791af0b5038c4bea17 -> 
  custom:container-demuxer-webm: 4f35f7cbe854078d1ac9338744f61a02 -> 
  custom:container-muxer-webm: aa71ff27fc2769a1b78a27578f13a17b -> 
  custom:video-decoder-webm-vp8: 9c59270c3fd7afecdb556c50c9e8de78 -> 
  custom:SearchIndexIgnoredProperties: e643bd26f0fe6173181afceb89e7c659 -> 
  custom:AudioImporter_EditorPlatform: d09bf68614088b80899f8185d706f6e7 -> 
  custom:video-encoder-webm-vp8: eb34c28f22e8b96e1ab97ce403110664 -> 
  custom:audio-decoder-ogg-vorbis: bf7c407c2cedff20999df2af8eb42d56 -> 
  custom:audio-encoder-webm-vorbis: bf7c407c2cedff20999df2af8eb42d56 -> 
========================================================================
Received Import Request.
  Time since last request: 165606.589389 seconds.
  path: Assets/Textures/BreakableWall_Mat.mat
  artifactKey: Guid(35fdd46acbcf80a40a31cd00dee1fced) Importer(815301076,1909f56bfc062723c751e8b465ee728b)
Start importing Assets/Textures/BreakableWall_Mat.mat using Guid(35fdd46acbcf80a40a31cd00dee1fced) Importer(815301076,1909f56bfc062723c751e8b465ee728b)  -> (artifact id: '083c1028347bad2cb0e60f95b5b658b2') in 0.191620 seconds
Number of updated asset objects reloaded before import = 0
Number of asset objects unloaded after import = 3
========================================================================
Received Import Request.
  Time since last request: 306.343868 seconds.
  path: Assets/FlexibleGlassDestructor
  artifactKey: Guid(10877a2d15b03ad45888693d058734e3) Importer(815301076,1909f56bfc062723c751e8b465ee728b)
Start importing Assets/FlexibleGlassDestructor using Guid(10877a2d15b03ad45888693d058734e3) Importer(815301076,1909f56bfc062723c751e8b465ee728b)  -> (artifact id: '1507c6cceba1a5033918b6c5413a8e82') in 0.003982 seconds
Number of updated asset objects reloaded before import = 0
Number of asset objects unloaded after import = 0
========================================================================
Received Import Request.
  Time since last request: 7.437200 seconds.
  path: Assets/ステージジェネレート
  artifactKey: Guid(c316c99b2bc026640b3fd497c0fec438) Importer(815301076,1909f56bfc062723c751e8b465ee728b)
Start importing Assets/ステージジェネレート using Guid(c316c99b2bc026640b3fd497c0fec438) Importer(815301076,1909f56bfc062723c751e8b465ee728b)  -> (artifact id: '833aa21e767ec2f75551d76d662368bd') in 0.001674 seconds
Number of updated asset objects reloaded before import = 0
Number of asset objects unloaded after import = 0
========================================================================
Received Import Request.
  Time since last request: 70.639890 seconds.
  path: Assets/Sci Fi Modular Pack/Scripts
  artifactKey: Guid(8fe922b658f0e4a42a5372ccc47a9705) Importer(815301076,1909f56bfc062723c751e8b465ee728b)
Start importing Assets/Sci Fi Modular Pack/Scripts using Guid(8fe922b658f0e4a42a5372ccc47a9705) Importer(815301076,1909f56bfc062723c751e8b465ee728b)  -> (artifact id: '1f64338293957cbb85a7c5c24aedc69c') in 0.001739 seconds
Number of updated asset objects reloaded before import = 0
Number of asset objects unloaded after import = 0
========================================================================
Received Import Request.
  Time since last request: 0.658349 seconds.
  path: Assets/Sci Fi Modular Pack/Scenes
  artifactKey: Guid(c59c3118e6a294ef5983e5384a4b708e) Importer(815301076,1909f56bfc062723c751e8b465ee728b)
Start importing Assets/Sci Fi Modular Pack/Scenes using Guid(c59c3118e6a294ef5983e5384a4b708e) Importer(815301076,1909f56bfc062723c751e8b465ee728b)  -> (artifact id: '04f6c3581d297688cbd58f89dcde3af6') in 0.001382 seconds
Number of updated asset objects reloaded before import = 0
Number of asset objects unloaded after import = 0
========================================================================
Received Import Request.
  Time since last request: 5.088058 seconds.
  path: Assets/Sci Fi Modular Pack/Prefabs/Box1.prefab
  artifactKey: Guid(2340976c2c4724452a5f8c3cf4d34d6f) Importer(815301076,1909f56bfc062723c751e8b465ee728b)
Start importing Assets/Sci Fi Modular Pack/Prefabs/Box1.prefab using Guid(2340976c2c4724452a5f8c3cf4d34d6f) Importer(815301076,1909f56bfc062723c751e8b465ee728b)  -> (artifact id: '82596c202107bbc35510901b35eb1192') in 0.123142 seconds
Number of updated asset objects reloaded before import = 0
Number of asset objects unloaded after import = 13
========================================================================
Received Import Request.
  Time since last request: 0.000036 seconds.
  path: Assets/Sci Fi Modular Pack/Prefabs/WallIntersection3.prefab
  artifactKey: Guid(d209b0b8383794987a2a03fbc8b1e920) Importer(815301076,1909f56bfc062723c751e8b465ee728b)
Start importing Assets/Sci Fi Modular Pack/Prefabs/WallIntersection3.prefab using Guid(d209b0b8383794987a2a03fbc8b1e920) Importer(815301076,1909f56bfc062723c751e8b465ee728b)  -> (artifact id: '526dbdae49dbc88ad96a001746bb1f48') in 0.063570 seconds
Number of updated asset objects reloaded before import = 0
Number of asset objects unloaded after import = 12
========================================================================
Received Import Request.
  Time since last request: 0.000031 seconds.
  path: Assets/Sci Fi Modular Pack/Prefabs/TopWall4.prefab
  artifactKey: Guid(397e71ac2fe4f4d959524578cfabd45b) Importer(815301076,1909f56bfc062723c751e8b465ee728b)
Start importing Assets/Sci Fi Modular Pack/Prefabs/TopWall4.prefab using Guid(397e71ac2fe4f4d959524578cfabd45b) Importer(815301076,1909f56bfc062723c751e8b465ee728b)  -> (artifact id: 'e1e1881d2aef1a9dca64349b6106f9e6') in 0.092066 seconds
Number of updated asset objects reloaded before import = 0
Number of asset objects unloaded after import = 13
========================================================================
Received Import Request.
  Time since last request: 0.000043 seconds.
  path: Assets/Sci Fi Modular Pack/Prefabs/Wall12.prefab
  artifactKey: Guid(cc55393986bef4d3a8307ae8b90d9e96) Importer(815301076,1909f56bfc062723c751e8b465ee728b)
Start importing Assets/Sci Fi Modular Pack/Prefabs/Wall12.prefab using Guid(cc55393986bef4d3a8307ae8b90d9e96) Importer(815301076,1909f56bfc062723c751e8b465ee728b)  -> (artifact id: '1da50202c0bb3063c58e8365b8ac43c2') in 0.063153 seconds
Number of updated asset objects reloaded before import = 0
Number of asset objects unloaded after import = 12
========================================================================
Received Import Request.
  Time since last request: 0.000035 seconds.
  path: Assets/Sci Fi Modular Pack/Prefabs/WallIntersection.prefab
  artifactKey: Guid(51561c5ac6ad94dc2bc464238ad02aa4) Importer(815301076,1909f56bfc062723c751e8b465ee728b)
Start importing Assets/Sci Fi Modular Pack/Prefabs/WallIntersection.prefab using Guid(51561c5ac6ad94dc2bc464238ad02aa4) Importer(815301076,1909f56bfc062723c751e8b465ee728b)  -> (artifact id: 'c3a8c6a873b8910112fdaea793e1629b') in 0.068479 seconds
Number of updated asset objects reloaded before import = 0
Number of asset objects unloaded after import = 13
========================================================================
Received Import Request.
  Time since last request: 0.000023 seconds.
  path: Assets/Sci Fi Modular Pack/Prefabs/WallIntersection1.prefab
  artifactKey: Guid(819c758ec1d154be9ac76b7394611c48) Importer(815301076,1909f56bfc062723c751e8b465ee728b)
Start importing Assets/Sci Fi Modular Pack/Prefabs/WallIntersection1.prefab using Guid(819c758ec1d154be9ac76b7394611c48) Importer(815301076,1909f56bfc062723c751e8b465ee728b)  -> (artifact id: '2895184063b144be710fb8c29d174d5a') in 0.046419 seconds
Number of updated asset objects reloaded before import = 0
Number of asset objects unloaded after import = 12
========================================================================
Received Import Request.
  Time since last request: 0.000025 seconds.
  path: Assets/Sci Fi Modular Pack/Prefabs/Floor5.prefab
  artifactKey: Guid(f3e95b07df64f475f8d30ef51a45d2aa) Importer(815301076,1909f56bfc062723c751e8b465ee728b)
Start importing Assets/Sci Fi Modular Pack/Prefabs/Floor5.prefab using Guid(f3e95b07df64f475f8d30ef51a45d2aa) Importer(815301076,1909f56bfc062723c751e8b465ee728b)  -> (artifact id: '9aa2e5460db9bd8cbcc6a73aa13e4e15') in 0.049381 seconds
Number of updated asset objects reloaded before import = 0
Number of asset objects unloaded after import = 12
========================================================================
Received Import Request.
  Time since last request: 0.000029 seconds.
  path: Assets/Sci Fi Modular Pack/Prefabs/SideFloor1.prefab
  artifactKey: Guid(8c197a09d07be4d2b9d00b023cca14cd) Importer(815301076,1909f56bfc062723c751e8b465ee728b)
Start importing Assets/Sci Fi Modular Pack/Prefabs/SideFloor1.prefab using Guid(8c197a09d07be4d2b9d00b023cca14cd) Importer(815301076,1909f56bfc062723c751e8b465ee728b)  -> (artifact id: '5bb68638fc6d462f70d5cbf7d3cd7765') in 0.051118 seconds
Number of updated asset objects reloaded before import = 0
Number of asset objects unloaded after import = 13
========================================================================
Received Import Request.
  Time since last request: 0.000038 seconds.
  path: Assets/Sci Fi Modular Pack/Prefabs/DoorFrame.prefab
  artifactKey: Guid(ebafa5c675faf4a749589436d53ad351) Importer(815301076,1909f56bfc062723c751e8b465ee728b)
Start importing Assets/Sci Fi Modular Pack/Prefabs/DoorFrame.prefab using Guid(ebafa5c675faf4a749589436d53ad351) Importer(815301076,1909f56bfc062723c751e8b465ee728b)  -> (artifact id: '65f7339b739cbae00e9b7232a926b66b') in 0.041731 seconds
Number of updated asset objects reloaded before import = 0
Number of asset objects unloaded after import = 12
========================================================================
Received Import Request.
  Time since last request: 0.000022 seconds.
  path: Assets/Sci Fi Modular Pack/Prefabs/Door.prefab
  artifactKey: Guid(ed1bebb042e3147168587ddcb4481d92) Importer(815301076,1909f56bfc062723c751e8b465ee728b)
Start importing Assets/Sci Fi Modular Pack/Prefabs/Door.prefab using Guid(ed1bebb042e3147168587ddcb4481d92) Importer(815301076,1909f56bfc062723c751e8b465ee728b)  -> (artifact id: 'd88564e3bcbdd41354f541cb0795fa17') in 0.105504 seconds
Number of updated asset objects reloaded before import = 0
Number of asset objects unloaded after import = 18
========================================================================
Received Import Request.
  Time since last request: 0.000023 seconds.
  path: Assets/Sci Fi Modular Pack/Prefabs/ProfileWindow.prefab
  artifactKey: Guid(ef7f45de93a47486a8d931a69beea72a) Importer(815301076,1909f56bfc062723c751e8b465ee728b)
Start importing Assets/Sci Fi Modular Pack/Prefabs/ProfileWindow.prefab using Guid(ef7f45de93a47486a8d931a69beea72a) Importer(815301076,1909f56bfc062723c751e8b465ee728b)  -> (artifact id: 'cd406e8db4ec7a7991a1f3e4afcddc8a') in 0.207492 seconds
Number of updated asset objects reloaded before import = 0
Number of asset objects unloaded after import = 52
Editor requested this worker to shutdown with reason: Scaling down because of idle timeout
TcpMessagingSession - receive error
AssetImportWorkerClient::OnTransportError - code=2 error=End of file
AssetImportWorker is now disconnected from the server
Process exiting
Exiting without the bug reporter. Application will terminate with return code 0