Using pre-set license
Built from '2022.3/staging' branch; Version is '2022.3.15f1 (b58023a2b463) revision 11894819'; Using compiler version '192829333'; Build Type 'Release'
OS: 'Windows 11  (10.0.26200) 64bit Core' Language: 'ja' Physical Memory: 32472 MB
BatchMode: 1, IsHumanControllingUs: 0, StartBugReporterOnCrash: 0, Is64bit: 1, IsPro: 1

COMMAND LINE ARGUMENTS:
C:\Program Files\Unity\Hub\Editor\2022.3.15f1\Editor\Unity.exe
-adb2
-batchMode
-noUpm
-name
AssetImportWorker1
-projectPath
C:/Users/otoas/Downloads/ŤŅ∑Ť∑ĮÔľĎ/„āĻ„ÉÜ„Éľ„āł„āł„āß„Éć„É¨„Éľ„Éą
-logFile
Logs/AssetImportWorker1.log
-srvPort
59290
Successfully changed project path to: C:/Users/otoas/Downloads/ŤŅ∑Ť∑ĮÔľĎ/„āĻ„ÉÜ„Éľ„āł„āł„āß„Éć„É¨„Éľ„Éą
C:/Users/otoas/Downloads/ŤŅ∑Ť∑ĮÔľĎ/„āĻ„ÉÜ„Éľ„āł„āł„āß„Éć„É¨„Éľ„Éą
[UnityMemory] Configuration Parameters - Can be set up in boot.config
    "memorysetup-bucket-allocator-granularity=16"
    "memorysetup-bucket-allocator-bucket-count=8"
    "memorysetup-bucket-allocator-block-size=33554432"
    "memorysetup-bucket-allocator-block-count=8"
    "memorysetup-main-allocator-block-size=16777216"
    "memorysetup-thread-allocator-block-size=16777216"
    "memorysetup-gfx-main-allocator-block-size=16777216"
    "memorysetup-gfx-thread-allocator-block-size=16777216"
    "memorysetup-cache-allocator-block-size=4194304"
    "memorysetup-typetree-allocator-block-size=2097152"
    "memorysetup-profiler-bucket-allocator-granularity=16"
    "memorysetup-profiler-bucket-allocator-bucket-count=8"
    "memorysetup-profiler-bucket-allocator-block-size=33554432"
    "memorysetup-profiler-bucket-allocator-block-count=8"
    "memorysetup-profiler-allocator-block-size=16777216"
    "memorysetup-profiler-editor-allocator-block-size=1048576"
    "memorysetup-temp-allocator-size-main=16777216"
    "memorysetup-job-temp-allocator-block-size=2097152"
    "memorysetup-job-temp-allocator-block-size-background=1048576"
    "memorysetup-job-temp-allocator-reduction-small-platforms=262144"
    "memorysetup-allocator-temp-initial-block-size-main=262144"
    "memorysetup-allocator-temp-initial-block-size-worker=262144"
    "memorysetup-temp-allocator-size-background-worker=32768"
    "memorysetup-temp-allocator-size-job-worker=262144"
    "memorysetup-temp-allocator-size-preload-manager=33554432"
    "memorysetup-temp-allocator-size-nav-mesh-worker=65536"
    "memorysetup-temp-allocator-size-audio-worker=65536"
    "memorysetup-temp-allocator-size-cloud-worker=32768"
    "memorysetup-temp-allocator-size-gi-baking-worker=262144"
    "memorysetup-temp-allocator-size-gfx=262144"
Player connection [48296] Host "[IP] 10.32.1.90 [Port] 0 [Flags] 2 [Guid] 2272284372 [EditorId] 2272284372 [Version] 1048832 [Id] WindowsEditor(7,kousei) [Debug] 1 [PackageName] WindowsEditor [ProjectName] Editor" joined multi-casting on [225.0.0.222:54997]...

Player connection [48296] Host "[IP] 10.32.1.90 [Port] 0 [Flags] 2 [Guid] 2272284372 [EditorId] 2272284372 [Version] 1048832 [Id] WindowsEditor(7,kousei) [Debug] 1 [PackageName] WindowsEditor [ProjectName] Editor" joined alternative multi-casting on [225.0.0.222:34997]...

[Physics::Module] Initialized MultithreadedJobDispatcher with 15 workers.
Refreshing native plugins compatible for Editor in 17.47 ms, found 4 plugins.
Preloading 0 native plugins for Editor in 0.00 ms.
Initialize engine version: 2022.3.15f1 (b58023a2b463)
[Subsystems] Discovering subsystems at path C:/Program Files/Unity/Hub/Editor/2022.3.15f1/Editor/Data/Resources/UnitySubsystems
[Subsystems] Discovering subsystems at path C:/Users/otoas/Downloads/ŤŅ∑Ť∑ĮÔľĎ/„āĻ„ÉÜ„Éľ„āł„āł„āß„Éć„É¨„Éľ„Éą/Assets
GfxDevice: creating device client; threaded=0; jobified=0
Direct3D:
    Version:  Direct3D 11.0 [level 11.1]
    Renderer: NVIDIA GeForce RTX 4060 Laptop GPU (ID=0x28a0)
    Vendor:   NVIDIA
    VRAM:     7971 MB
    Driver:   31.0.15.2876
Initialize mono
Mono path[0] = 'C:/Program Files/Unity/Hub/Editor/2022.3.15f1/Editor/Data/Managed'
Mono path[1] = 'C:/Program Files/Unity/Hub/Editor/2022.3.15f1/Editor/Data/MonoBleedingEdge/lib/mono/unityjit-win32'
Mono config path = 'C:/Program Files/Unity/Hub/Editor/2022.3.15f1/Editor/Data/MonoBleedingEdge/etc'
Using monoOptions --debugger-agent=transport=dt_socket,embedding=1,server=y,suspend=n,address=127.0.0.1:56324
Begin MonoManager ReloadAssembly
Registering precompiled unity dll's ...
Register platform support module: C:/Program Files/Unity/Hub/Editor/2022.3.15f1/Editor/Data/PlaybackEngines/WindowsStandaloneSupport/UnityEditor.WindowsStandalone.Extensions.dll
Registered in 0.007523 seconds.
- Loaded All Assemblies, in  0.490 seconds
Native extension for WindowsStandalone target not found
Mono: successfully reloaded assembly
- Finished resetting the current domain, in  0.373 seconds
Domain Reload Profiling: 861ms
	BeginReloadAssembly (155ms)
		ExecutionOrderSort (0ms)
		DisableScriptedObjects (0ms)
		BackupInstance (0ms)
		ReleaseScriptingObjects (0ms)
		CreateAndSetChildDomain (2ms)
	RebuildCommonClasses (52ms)
	RebuildNativeTypeToScriptingClass (13ms)
	initialDomainReloadingComplete (78ms)
	LoadAllAssembliesAndSetupDomain (190ms)
		LoadAssemblies (151ms)
		RebuildTransferFunctionScriptingTraits (0ms)
		AnalyzeDomain (187ms)
			TypeCache.Refresh (184ms)
				TypeCache.ScanAssembly (166ms)
			ScanForSourceGeneratedMonoScriptInfo (0ms)
			ResolveRequiredComponents (1ms)
	FinalizeReload (374ms)
		ReleaseScriptCaches (0ms)
		RebuildScriptCaches (0ms)
		SetupLoadedEditorAssemblies (294ms)
			LogAssemblyErrors (0ms)
			InitializePlatformSupportModulesInManaged (12ms)
			SetLoadedEditorAssemblies (11ms)
			RefreshPlugins (0ms)
			BeforeProcessingInitializeOnLoad (3ms)
			ProcessInitializeOnLoadAttributes (205ms)
			ProcessInitializeOnLoadMethodAttributes (62ms)
			AfterProcessingInitializeOnLoad (0ms)
			EditorAssembliesLoaded (0ms)
		ExecutionOrderSort2 (0ms)
		AwakeInstancesAfterBackupRestoration (0ms)
========================================================================
Worker process is ready to serve import requests
Begin MonoManager ReloadAssembly
- Loaded All Assemblies, in  0.777 seconds
Refreshing native plugins compatible for Editor in 5.61 ms, found 4 plugins.
Native extension for WindowsStandalone target not found
Mono: successfully reloaded assembly
- Finished resetting the current domain, in  0.787 seconds
Domain Reload Profiling: 1561ms
	BeginReloadAssembly (170ms)
		ExecutionOrderSort (0ms)
		DisableScriptedObjects (6ms)
		BackupInstance (0ms)
		ReleaseScriptingObjects (0ms)
		CreateAndSetChildDomain (23ms)
	RebuildCommonClasses (43ms)
	RebuildNativeTypeToScriptingClass (12ms)
	initialDomainReloadingComplete (55ms)
	LoadAllAssembliesAndSetupDomain (493ms)
		LoadAssemblies (347ms)
		RebuildTransferFunctionScriptingTraits (0ms)
		AnalyzeDomain (245ms)
			TypeCache.Refresh (216ms)
				TypeCache.ScanAssembly (199ms)
			ScanForSourceGeneratedMonoScriptInfo (21ms)
			ResolveRequiredComponents (4ms)
	FinalizeReload (788ms)
		ReleaseScriptCaches (0ms)
		RebuildScriptCaches (0ms)
		SetupLoadedEditorAssemblies (575ms)
			LogAssemblyErrors (0ms)
			InitializePlatformSupportModulesInManaged (8ms)
			SetLoadedEditorAssemblies (6ms)
			RefreshPlugins (0ms)
			BeforeProcessingInitializeOnLoad (81ms)
			ProcessInitializeOnLoadAttributes (437ms)
			ProcessInitializeOnLoadMethodAttributes (35ms)
			AfterProcessingInitializeOnLoad (8ms)
			EditorAssembliesLoaded (0ms)
		ExecutionOrderSort2 (0ms)
		AwakeInstancesAfterBackupRestoration (13ms)
Launched and connected shader compiler UnityShaderCompiler.exe after 0.07 seconds
Refreshing native plugins compatible for Editor in 9.17 ms, found 4 plugins.
Preloading 0 native plugins for Editor in 0.00 ms.
Unloading 3543 Unused Serialized files (Serialized files now loaded: 0)
Unloading 43 unused Assets / (61.2 KB). Loaded Objects now: 3999.
Memory consumption went from 133.7 MB to 133.6 MB.
Total: 3.702900 ms (FindLiveObjects: 0.269500 ms CreateObjectMapping: 0.188800 ms MarkObjects: 3.114100 ms  DeleteObjects: 0.128900 ms)

AssetImportParameters requested are different than current active one (requested -> active):
  custom:container-demuxer-ogg: 62fdf1f143b41e24485cea50d1cbac27 -> 
  custom:video-codec-MediaFoundation-h265: 746d11721c4dcdbdad8f713fa42b33f4 -> 
  custom:video-decoder-ogg-theora: a1e56fd34408186e4bbccfd4996cb3dc -> 
  custom:framework-win-MediaFoundation: 216162199b28c13a410421893ffa2e32 -> 
  custom:CustomObjectIndexerAttribute: 43b350a4d6e6d1791af0b5038c4bea17 -> 
  custom:container-demuxer-webm: 4f35f7cbe854078d1ac9338744f61a02 -> 
  custom:container-muxer-webm: aa71ff27fc2769a1b78a27578f13a17b -> 
  custom:video-decoder-webm-vp8: 9c59270c3fd7afecdb556c50c9e8de78 -> 
  custom:SearchIndexIgnoredProperties: e643bd26f0fe6173181afceb89e7c659 -> 
  custom:AudioImporter_EditorPlatform: d09bf68614088b80899f8185d706f6e7 -> 
  custom:video-encoder-webm-vp8: eb34c28f22e8b96e1ab97ce403110664 -> 
  custom:audio-decoder-ogg-vorbis: bf7c407c2cedff20999df2af8eb42d56 -> 
  custom:audio-encoder-webm-vorbis: bf7c407c2cedff20999df2af8eb42d56 -> 
========================================================================
Received Import Request.
  Time since last request: 165996.971752 seconds.
  path: Assets/Sci Fi Modular Pack/Prefabs/Box3.prefab
  artifactKey: Guid(8bfb4b7ce5f3a4a4d9f81ddf253d08a3) Importer(815301076,1909f56bfc062723c751e8b465ee728b)
Start importing Assets/Sci Fi Modular Pack/Prefabs/Box3.prefab using Guid(8bfb4b7ce5f3a4a4d9f81ddf253d08a3) Importer(815301076,1909f56bfc062723c751e8b465ee728b)  -> (artifact id: '77112a72c38424a68247cf8ac08c7fec') in 0.313529 seconds
Number of updated asset objects reloaded before import = 0
Number of asset objects unloaded after import = 13
========================================================================
Received Import Request.
  Time since last request: 0.000037 seconds.
  path: Assets/Sci Fi Modular Pack/Prefabs/Floor1.prefab
  artifactKey: Guid(a20c2fef0621247aeaf88bba4b21c8a3) Importer(815301076,1909f56bfc062723c751e8b465ee728b)
Start importing Assets/Sci Fi Modular Pack/Prefabs/Floor1.prefab using Guid(a20c2fef0621247aeaf88bba4b21c8a3) Importer(815301076,1909f56bfc062723c751e8b465ee728b)  -> (artifact id: '7f40753606bcd730005ebc7a76845b75') in 0.079227 seconds
Number of updated asset objects reloaded before import = 0
Number of asset objects unloaded after import = 12
========================================================================
Received Import Request.
  Time since last request: 0.000652 seconds.
  path: Assets/Sci Fi Modular Pack/Prefabs/WallIntersection2.prefab
  artifactKey: Guid(bfbe2d0ef9f1b4132a79fecec88405c3) Importer(815301076,1909f56bfc062723c751e8b465ee728b)
Start importing Assets/Sci Fi Modular Pack/Prefabs/WallIntersection2.prefab using Guid(bfbe2d0ef9f1b4132a79fecec88405c3) Importer(815301076,1909f56bfc062723c751e8b465ee728b)  -> (artifact id: 'a5e3c98384229fd1ac026dd49c16afec') in 0.046804 seconds
Number of updated asset objects reloaded before import = 0
Number of asset objects unloaded after import = 12
========================================================================
Received Import Request.
  Time since last request: 0.000026 seconds.
  path: Assets/Sci Fi Modular Pack/Prefabs/SideFloor2.prefab
  artifactKey: Guid(b1464a6ddbe8f4d6fae0a4ec0e58c5ed) Importer(815301076,1909f56bfc062723c751e8b465ee728b)
Start importing Assets/Sci Fi Modular Pack/Prefabs/SideFloor2.prefab using Guid(b1464a6ddbe8f4d6fae0a4ec0e58c5ed) Importer(815301076,1909f56bfc062723c751e8b465ee728b)  -> (artifact id: '76c48b4590c0c8bd5d82927da059e773') in 0.086483 seconds
Number of updated asset objects reloaded before import = 0
Number of asset objects unloaded after import = 23
========================================================================
Received Import Request.
  Time since last request: 0.000103 seconds.
  path: Assets/Sci Fi Modular Pack/Prefabs/SideWall1.1.prefab
  artifactKey: Guid(6b73bd9b0c9a248c89e59f013f13eb6e) Importer(815301076,1909f56bfc062723c751e8b465ee728b)
Start importing Assets/Sci Fi Modular Pack/Prefabs/SideWall1.1.prefab using Guid(6b73bd9b0c9a248c89e59f013f13eb6e) Importer(815301076,1909f56bfc062723c751e8b465ee728b)  -> (artifact id: 'b6fcd08d463775b724f76c828809befb') in 0.050206 seconds
Number of updated asset objects reloaded before import = 0
Number of asset objects unloaded after import = 13
========================================================================
Received Import Request.
  Time since last request: 0.000020 seconds.
  path: Assets/Sci Fi Modular Pack/Prefabs/Floor2.prefab
  artifactKey: Guid(2878502761c3c4cd185aa9849b4fdb45) Importer(815301076,1909f56bfc062723c751e8b465ee728b)
Start importing Assets/Sci Fi Modular Pack/Prefabs/Floor2.prefab using Guid(2878502761c3c4cd185aa9849b4fdb45) Importer(815301076,1909f56bfc062723c751e8b465ee728b)  -> (artifact id: '945ea612a07fd22138153d9141f157a4') in 0.046435 seconds
Number of updated asset objects reloaded before import = 0
Number of asset objects unloaded after import = 12
========================================================================
Received Import Request.
  Time since last request: 0.000024 seconds.
  path: Assets/Sci Fi Modular Pack/Prefabs/ProfileEnd.prefab
  artifactKey: Guid(686248f5bda1e458c8fc9316d20b1fe7) Importer(815301076,1909f56bfc062723c751e8b465ee728b)
Start importing Assets/Sci Fi Modular Pack/Prefabs/ProfileEnd.prefab using Guid(686248f5bda1e458c8fc9316d20b1fe7) Importer(815301076,1909f56bfc062723c751e8b465ee728b)  -> (artifact id: '2c0b4a82ea8d7e7ea4fd25cb1ea37380') in 0.045545 seconds
Number of updated asset objects reloaded before import = 0
Number of asset objects unloaded after import = 12
========================================================================
Received Import Request.
  Time since last request: 0.000034 seconds.
  path: Assets/Sci Fi Modular Pack/Prefabs/Light1.prefab
  artifactKey: Guid(c14386d96a95648009fcc21960e47e3c) Importer(815301076,1909f56bfc062723c751e8b465ee728b)
Start importing Assets/Sci Fi Modular Pack/Prefabs/Light1.prefab using Guid(c14386d96a95648009fcc21960e47e3c) Importer(815301076,1909f56bfc062723c751e8b465ee728b)  -> (artifact id: '412ca8b2764d983c0cf53b2610e1a4a0') in 0.032690 seconds
Number of updated asset objects reloaded before import = 0
Number of asset objects unloaded after import = 17
========================================================================
Received Import Request.
  Time since last request: 0.000019 seconds.
  path: Assets/Sci Fi Modular Pack/Prefabs/Floor4.prefab
  artifactKey: Guid(a8888cfd1c3e64140917af4a570ecd07) Importer(815301076,1909f56bfc062723c751e8b465ee728b)
Start importing Assets/Sci Fi Modular Pack/Prefabs/Floor4.prefab using Guid(a8888cfd1c3e64140917af4a570ecd07) Importer(815301076,1909f56bfc062723c751e8b465ee728b)  -> (artifact id: '9b8a031afa4b0f8ccd5030eb5be4839f') in 0.047118 seconds
Number of updated asset objects reloaded before import = 0
Number of asset objects unloaded after import = 12
========================================================================
Received Import Request.
  Time since last request: 0.000026 seconds.
  path: Assets/Sci Fi Modular Pack/Prefabs/WallDoor.prefab
  artifactKey: Guid(b52c268893c724eabb2b2d9d5456b18c) Importer(815301076,1909f56bfc062723c751e8b465ee728b)
Start importing Assets/Sci Fi Modular Pack/Prefabs/WallDoor.prefab using Guid(b52c268893c724eabb2b2d9d5456b18c) Importer(815301076,1909f56bfc062723c751e8b465ee728b)  -> (artifact id: '77bf43a4ed70e0c7f23c97067a46d988') in 0.051708 seconds
Number of updated asset objects reloaded before import = 0
Number of asset objects unloaded after import = 13
========================================================================
Received Import Request.
  Time since last request: 0.000019 seconds.
  path: Assets/Sci Fi Modular Pack/Prefabs/IntersectionSideFloor.prefab
  artifactKey: Guid(d5d9b38faad724fa0855ec2bbd572999) Importer(815301076,1909f56bfc062723c751e8b465ee728b)
Start importing Assets/Sci Fi Modular Pack/Prefabs/IntersectionSideFloor.prefab using Guid(d5d9b38faad724fa0855ec2bbd572999) Importer(815301076,1909f56bfc062723c751e8b465ee728b)  -> (artifact id: '8c1f8dc5306da54d5bf17ad1e406b7ff') in 0.044901 seconds
Number of updated asset objects reloaded before import = 0
Number of asset objects unloaded after import = 12
Editor requested this worker to shutdown with reason: Scaling down because of idle timeout
TcpMessagingSession - receive error: operation aborted. errorcode: 995, details: ÉXÉĆÉbÉhāŐŹIóĻā‹āĹāÕÉAÉvÉäÉPĀ[ÉVÉáÉďāŐóvčĀā…āśāŃāńĀAI/O ŹąóĚāÕíÜé~ā≥āÍā‹āĶāĹĀB
AssetImportWorker is now disconnected from the server
Process exiting
Exiting without the bug reporter. Application will terminate with return code 0